[debug] [2021-10-19T16:33:47.252Z] ----------------------------------------------------------------------
[debug] [2021-10-19T16:33:47.254Z] Command:       C:\Program Files\nodejs\node.exe C:\Users\Nur\AppData\Roaming\npm\node_modules\firebase-tools\lib\bin\firebase.js deploy
[debug] [2021-10-19T16:33:47.254Z] CLI Version:   9.20.0
[debug] [2021-10-19T16:33:47.254Z] Platform:      win32
[debug] [2021-10-19T16:33:47.254Z] Node Version:  v14.17.4
[debug] [2021-10-19T16:33:47.255Z] Time:          Tue Oct 19 2021 22:33:47 GMT+0600 (Bangladesh Standard Time)
[debug] [2021-10-19T16:33:47.255Z] ----------------------------------------------------------------------
[debug] 
[debug] [2021-10-19T16:33:47.307Z] > command requires scopes: ["email","openid","https://www.googleapis.com/auth/cloudplatformprojects.readonly","https://www.googleapis.com/auth/firebase","https://www.googleapis.com/auth/cloud-platform"]
[debug] [2021-10-19T16:33:47.307Z] > authorizing via signed-in user (alamn7150@gmail.com)
[debug] [2021-10-19T16:33:47.307Z] [iam] checking project assignment-10-67572 for permissions ["firebase.projects.get","firebasehosting.sites.update"]
[debug] [2021-10-19T16:33:47.309Z] >>> HTTP REQUEST POST https://cloudresourcemanager.googleapis.com/v1/projects/assignment-10-67572:testIamPermissions  
 {"permissions":["firebase.projects.get","firebasehosting.sites.update"]}
[debug] [2021-10-19T16:33:55.953Z] <<< HTTP RESPONSE 200 {"content-type":"application/json; charset=UTF-8","vary":"X-Origin, Referer, Origin,Accept-Encoding","date":"Tue, 19 Oct 2021 16:33:53 GMT","server":"ESF","cache-control":"private","x-xss-protection":"0","x-frame-options":"SAMEORIGIN","x-content-type-options":"nosniff","server-timing":"gfet4t7; dur=1184","alt-svc":"h3=\":443\"; ma=2592000,h3-29=\":443\"; ma=2592000,h3-T051=\":443\"; ma=2592000,h3-Q050=\":443\"; ma=2592000,h3-Q046=\":443\"; ma=2592000,h3-Q043=\":443\"; ma=2592000,quic=\":443\"; ma=2592000; v=\"46,43\"","accept-ranges":"none","transfer-encoding":"chunked"}
[debug] [2021-10-19T16:33:55.960Z] > refreshing access token with scopes: []
[debug] [2021-10-19T16:33:55.961Z] >>> HTTP REQUEST POST https://www.googleapis.com/oauth2/v3/token  
 <request body omitted>
[debug] [2021-10-19T16:36:40.515Z] ----------------------------------------------------------------------
[debug] [2021-10-19T16:36:40.517Z] Command:       C:\Program Files\nodejs\node.exe C:\Users\Nur\AppData\Roaming\npm\node_modules\firebase-tools\lib\bin\firebase.js deploy
[debug] [2021-10-19T16:36:40.518Z] CLI Version:   9.20.0
[debug] [2021-10-19T16:36:40.518Z] Platform:      win32
[debug] [2021-10-19T16:36:40.518Z] Node Version:  v14.17.4
[debug] [2021-10-19T16:36:40.519Z] Time:          Tue Oct 19 2021 22:36:40 GMT+0600 (Bangladesh Standard Time)
[debug] [2021-10-19T16:36:40.519Z] ----------------------------------------------------------------------
[debug] 
[debug] [2021-10-19T16:36:40.571Z] > command requires scopes: ["email","openid","https://www.googleapis.com/auth/cloudplatformprojects.readonly","https://www.googleapis.com/auth/firebase","https://www.googleapis.com/auth/cloud-platform"]
[debug] [2021-10-19T16:36:40.571Z] > authorizing via signed-in user (alamn7150@gmail.com)
[debug] [2021-10-19T16:36:40.571Z] [iam] checking project assignment-10-67572 for permissions ["firebase.projects.get","firebasehosting.sites.update"]
[debug] [2021-10-19T16:36:40.573Z] >>> HTTP REQUEST POST https://cloudresourcemanager.googleapis.com/v1/projects/assignment-10-67572:testIamPermissions  
 {"permissions":["firebase.projects.get","firebasehosting.sites.update"]}
[debug] [2021-10-19T16:36:41.932Z] <<< HTTP RESPONSE 200 {"content-type":"application/json; charset=UTF-8","vary":"X-Origin, Referer, Origin,Accept-Encoding","date":"Tue, 19 Oct 2021 16:36:40 GMT","server":"ESF","cache-control":"private","x-xss-protection":"0","x-frame-options":"SAMEORIGIN","x-content-type-options":"nosniff","server-timing":"gfet4t7; dur=1162","alt-svc":"h3=\":443\"; ma=2592000,h3-29=\":443\"; ma=2592000,h3-T051=\":443\"; ma=2592000,h3-Q050=\":443\"; ma=2592000,h3-Q046=\":443\"; ma=2592000,h3-Q043=\":443\"; ma=2592000,quic=\":443\"; ma=2592000; v=\"46,43\"","accept-ranges":"none","transfer-encoding":"chunked"}
[debug] [2021-10-19T16:36:41.939Z] > refreshing access token with scopes: []
[debug] [2021-10-19T16:36:41.940Z] >>> HTTP REQUEST POST https://www.googleapis.com/oauth2/v3/token  
 <request body omitted>
[debug] [2021-10-19T16:36:51.131Z] <<< HTTP RESPONSE 200 {"expires":"Mon, 01 Jan 1990 00:00:00 GMT","cache-control":"no-cache, no-store, max-age=0, must-revalidate","date":"Tue, 19 Oct 2021 16:36:40 GMT","pragma":"no-cache","content-type":"application/json; charset=utf-8","vary":"X-Origin, Referer, Origin,Accept-Encoding","server":"scaffolding on HTTPServer2","x-xss-protection":"0","x-frame-options":"SAMEORIGIN","x-content-type-options":"nosniff","alt-svc":"h3=\":443\"; ma=2592000,h3-29=\":443\"; ma=2592000,h3-T051=\":443\"; ma=2592000,h3-Q050=\":443\"; ma=2592000,h3-Q046=\":443\"; ma=2592000,h3-Q043=\":443\"; ma=2592000,quic=\":443\"; ma=2592000; v=\"46,43\"","accept-ranges":"none","transfer-encoding":"chunked"}
[debug] [2021-10-19T16:36:51.199Z] >>> [apiv2][query] GET https://firebase.googleapis.com/v1beta1/projects/assignment-10-67572 [none]
[debug] [2021-10-19T16:36:51.724Z] <<< [apiv2][status] GET https://firebase.googleapis.com/v1beta1/projects/assignment-10-67572 200
[debug] [2021-10-19T16:36:51.725Z] <<< [apiv2][body] GET https://firebase.googleapis.com/v1beta1/projects/assignment-10-67572 {"projectId":"assignment-10-67572","projectNumber":"348690508557","displayName":"Assignment-10","name":"projects/assignment-10-67572","resources":{"hostingSite":"assignment-10-67572"},"state":"ACTIVE"}
[info] 
[info] === Deploying to 'assignment-10-67572'...
[info] 
[info] i  deploying hosting 
[debug] [2021-10-19T16:36:51.738Z] > refreshing access token with scopes: ["email","https://www.googleapis.com/auth/cloud-platform","https://www.googleapis.com/auth/cloudplatformprojects.readonly","https://www.googleapis.com/auth/firebase","openid"]
[debug] [2021-10-19T16:36:51.739Z] >>> HTTP REQUEST POST https://www.googleapis.com/oauth2/v3/token  
 <request body omitted>
[debug] [2021-10-19T16:36:51.975Z] <<< HTTP RESPONSE 200 {"date":"Tue, 19 Oct 2021 16:36:50 GMT","pragma":"no-cache","cache-control":"no-cache, no-store, max-age=0, must-revalidate","expires":"Mon, 01 Jan 1990 00:00:00 GMT","content-type":"application/json; charset=utf-8","vary":"X-Origin, Referer, Origin,Accept-Encoding","server":"scaffolding on HTTPServer2","x-xss-protection":"0","x-frame-options":"SAMEORIGIN","x-content-type-options":"nosniff","alt-svc":"h3=\":443\"; ma=2592000,h3-29=\":443\"; ma=2592000,h3-T051=\":443\"; ma=2592000,h3-Q050=\":443\"; ma=2592000,h3-Q046=\":443\"; ma=2592000,h3-Q043=\":443\"; ma=2592000,quic=\":443\"; ma=2592000; v=\"46,43\"","accept-ranges":"none","transfer-encoding":"chunked"}
[debug] [2021-10-19T16:36:52.052Z] >>> HTTP REQUEST POST https://firebasehosting.googleapis.com/v1beta1/sites/assignment-10-67572/versions  
 {"config":{"rewrites":[{"glob":"**","path":"/index.html"}]},"labels":{"deployment-tool":"cli-firebase"}}
[debug] [2021-10-19T16:36:54.830Z] <<< HTTP RESPONSE 200 {"content-type":"application/json; charset=UTF-8","vary":"X-Origin, Referer, Origin,Accept-Encoding","date":"Tue, 19 Oct 2021 16:36:52 GMT","server":"ESF","cache-control":"private","x-xss-protection":"0","x-frame-options":"SAMEORIGIN","x-content-type-options":"nosniff","alt-svc":"h3=\":443\"; ma=2592000,h3-29=\":443\"; ma=2592000,h3-T051=\":443\"; ma=2592000,h3-Q050=\":443\"; ma=2592000,h3-Q046=\":443\"; ma=2592000,h3-Q043=\":443\"; ma=2592000,quic=\":443\"; ma=2592000; v=\"46,43\"","accept-ranges":"none","transfer-encoding":"chunked"}
[info] i  hosting[assignment-10-67572]: beginning deploy... 
[info] i  hosting[assignment-10-67572]: found 30 files in build 
[debug] [2021-10-19T16:36:55.066Z] > refreshing access token with scopes: []
[debug] [2021-10-19T16:36:55.066Z] >>> HTTP REQUEST POST https://www.googleapis.com/oauth2/v3/token  
 <request body omitted>
[debug] [2021-10-19T16:36:55.068Z] [hosting] hash cache [YnVpbGQ] stored for 30 files
[debug] [2021-10-19T16:36:55.068Z] [hosting][hash queue][FINAL] {"max":178,"min":9,"avg":36.43333333333333,"active":0,"complete":30,"success":30,"errored":0,"retried":0,"total":30,"elapsed":186}
[debug] [2021-10-19T16:36:55.307Z] <<< HTTP RESPONSE 200 {"expires":"Mon, 01 Jan 1990 00:00:00 GMT","cache-control":"no-cache, no-store, max-age=0, must-revalidate","pragma":"no-cache","date":"Tue, 19 Oct 2021 16:36:53 GMT","content-type":"application/json; charset=utf-8","vary":"X-Origin, Referer, Origin,Accept-Encoding","server":"scaffolding on HTTPServer2","x-xss-protection":"0","x-frame-options":"SAMEORIGIN","x-content-type-options":"nosniff","alt-svc":"h3=\":443\"; ma=2592000,h3-29=\":443\"; ma=2592000,h3-T051=\":443\"; ma=2592000,h3-Q050=\":443\"; ma=2592000,h3-Q046=\":443\"; ma=2592000,h3-Q043=\":443\"; ma=2592000,quic=\":443\"; ma=2592000; v=\"46,43\"","accept-ranges":"none","transfer-encoding":"chunked"}
[debug] [2021-10-19T16:36:55.376Z] >>> [apiv2][query] POST https://firebasehosting.googleapis.com/v1beta1/sites/assignment-10-67572/versions/9b5db2c29fd1f1f7:populateFiles [none]
[debug] [2021-10-19T16:36:55.377Z] >>> [apiv2][body] POST https://firebasehosting.googleapis.com/v1beta1/sites/assignment-10-67572/versions/9b5db2c29fd1f1f7:populateFiles {"files":{"/favicon.ico":"4c62fe691477d75acc2c46598c175fa88c89b89fbc0c191a2ee5b003c729b1fa","/logo192.png":"3ee59515172ee198f3be375979df15ac5345183e656720a381b8872b2a39dc8b","/logo512.png":"ee7e2f3fdb8209c4b6fd7bef6ba50d1b9dba30a25bb5c3126df057e1cb6f5331","/manifest.json":"aff3449bdc238776f5d6d967f19ec491b36aed5fb7f23ccff6500736fd58494a","/robots.txt":"bfe106a3fb878dc83461c86818bf74fc1bdc7f28538ba613cd3e775516ce8b49","/asset-manifest.json":"e1dbad7a4178dca60a0a3ef91b2bdc08ec3da64104c9556037062ded321961d2","/index.html":"921f903630516b0d9ea71667fc9769d69cb69cca982bbcad018e810d14f42bae","/static/css/main.61e7d138.chunk.css":"3cc593778ae65dbd03e659a0bd4f047bbefd1877d47c17bc8b0350ff9338858b","/static/css/main.61e7d138.chunk.css.map":"de9460a8b1c99edc91dd5f3f000a25bd5f3883d1629f59cfa3eb7181016192fa","/static/js/2.6c7382df.chunk.js.LICENSE.txt":"68b16697969801057d3e0deb105ae8509867a6ae2629d732d8100d885b17e4c5","/static/js/3.ec634b64.chunk.js":"1ca36a00cb26a6002b034eae07e5f4999f3cf0c208078493a428f2368c3df183","/static/js/3.ec634b64.chunk.js.map":"4b23e637e9e15d27563b2dbaf049774c839db5ce9d7cdd0bff4a83dff7b6c6ce","/static/js/runtime-main.016071b1.js":"9eb16e837e48e5906845d0da43c6f6e9bedde360ad27997ad04f0d56b75d980c","/static/js/runtime-main.016071b1.js.map":"72410b2229a0a5743eafcefae203bcae0ad4e13426e6eb0b305f7889a527d583","/static/media/shop1.85ac4607.jpg":"a107ea9d537749ee019ece93082989f0eb37fa28f01eb58fb4db512b95fa1470","/static/media/shop2.596edd09.jpg":"63865916a116828d6b4dd68206112845b304603d50060fe87b4067a429d84fa4","/static/media/shop3.b8265171.jpg":"775a5ce75adee769366e5cf6a45062fd5ae0d992b9b5f4e426096d8c87215f3b","/static/media/404.c0bc7d0b.png":"7d6459b6703cd5abcc7ee697171c1e0e1423ca1926073ecf89503cdab8f05bbd","/static/media/shop5.bdddf405.jpg":"f0c81135aac6f1cb897c936dcf8d4a31dc3cfe14a01090378c2108ff8447deca","/static/media/shop6.e989888f.jpg":"4e0d9749f8ed41e837d3855db4f7dda7d5a113a6bd3bbd5f8a3274fbf4332d0c","/static/media/shop7.64feea8c.jpg":"76c970defc22aa16a75072d2cd6f1238a1009f0d7ec91d3e4ad4b08df60967c5","/static/media/undraw_Access_account_re_8spm.2a656b38.svg":"6679c9dc5e8f56cefdefa5c8a31e81c42dd3be59406c51c533c360bc3c25dbe5","/static/media/undraw_working_out_6psf.23e404ae.svg":"0604ee8469b8c717c92bd6319350a2ee9a402a326daa63e3aea568496157f535","/static/js/main.3c0311d3.chunk.js":"7e07b62f5c820f099525a6389791908031874a9050fc5ffe0bc945abac557f57","/static/js/main.3c0311d3.chunk.js.map":"8cce20a242722adc61e79934617c35a4154f3b79d23be9db0f2a0455198dadfe","/static/css/2.c1256375.chunk.css":"8acb4e081ecdb0935bf3d2f5e7464f0688948372639174fd7cdc40f5db24bb77","/static/media/34dgOF (1).2778e1bd.jpg":"b5b68d40aa8b8f1100a0d9bcce4c5401de224156dbdcffefbd1a2d02ce4ae9fc","/static/js/2.6c7382df.chunk.js":"7761b6ac7e63a6f33d790ba12ea560beb4606d203977cea1e6282d3e09969470","/static/css/2.c1256375.chunk.css.map":"5a1d7d871e2c5292e4d32d75371cb1b3fe971eaf6ebf47d38c9c730496e51f38","/static/js/2.6c7382df.chunk.js.map":"0f363791ce522199e1549b80293d705464f3a5619145fc3eaa3e21c93d190ac5"}}
[debug] [2021-10-19T16:37:37.999Z] [populateQueue] Retrying task index 0
[debug] [2021-10-19T16:37:38.001Z] >>> [apiv2][query] POST https://firebasehosting.googleapis.com/v1beta1/sites/assignment-10-67572/versions/9b5db2c29fd1f1f7:populateFiles [none]
[debug] [2021-10-19T16:37:38.001Z] >>> [apiv2][body] POST https://firebasehosting.googleapis.com/v1beta1/sites/assignment-10-67572/versions/9b5db2c29fd1f1f7:populateFiles {"files":{"/favicon.ico":"4c62fe691477d75acc2c46598c175fa88c89b89fbc0c191a2ee5b003c729b1fa","/logo192.png":"3ee59515172ee198f3be375979df15ac5345183e656720a381b8872b2a39dc8b","/logo512.png":"ee7e2f3fdb8209c4b6fd7bef6ba50d1b9dba30a25bb5c3126df057e1cb6f5331","/manifest.json":"aff3449bdc238776f5d6d967f19ec491b36aed5fb7f23ccff6500736fd58494a","/robots.txt":"bfe106a3fb878dc83461c86818bf74fc1bdc7f28538ba613cd3e775516ce8b49","/asset-manifest.json":"e1dbad7a4178dca60a0a3ef91b2bdc08ec3da64104c9556037062ded321961d2","/index.html":"921f903630516b0d9ea71667fc9769d69cb69cca982bbcad018e810d14f42bae","/static/css/main.61e7d138.chunk.css":"3cc593778ae65dbd03e659a0bd4f047bbefd1877d47c17bc8b0350ff9338858b","/static/css/main.61e7d138.chunk.css.map":"de9460a8b1c99edc91dd5f3f000a25bd5f3883d1629f59cfa3eb7181016192fa","/static/js/2.6c7382df.chunk.js.LICENSE.txt":"68b16697969801057d3e0deb105ae8509867a6ae2629d732d8100d885b17e4c5","/static/js/3.ec634b64.chunk.js":"1ca36a00cb26a6002b034eae07e5f4999f3cf0c208078493a428f2368c3df183","/static/js/3.ec634b64.chunk.js.map":"4b23e637e9e15d27563b2dbaf049774c839db5ce9d7cdd0bff4a83dff7b6c6ce","/static/js/runtime-main.016071b1.js":"9eb16e837e48e5906845d0da43c6f6e9bedde360ad27997ad04f0d56b75d980c","/static/js/runtime-main.016071b1.js.map":"72410b2229a0a5743eafcefae203bcae0ad4e13426e6eb0b305f7889a527d583","/static/media/shop1.85ac4607.jpg":"a107ea9d537749ee019ece93082989f0eb37fa28f01eb58fb4db512b95fa1470","/static/media/shop2.596edd09.jpg":"63865916a116828d6b4dd68206112845b304603d50060fe87b4067a429d84fa4","/static/media/shop3.b8265171.jpg":"775a5ce75adee769366e5cf6a45062fd5ae0d992b9b5f4e426096d8c87215f3b","/static/media/404.c0bc7d0b.png":"7d6459b6703cd5abcc7ee697171c1e0e1423ca1926073ecf89503cdab8f05bbd","/static/media/shop5.bdddf405.jpg":"f0c81135aac6f1cb897c936dcf8d4a31dc3cfe14a01090378c2108ff8447deca","/static/media/shop6.e989888f.jpg":"4e0d9749f8ed41e837d3855db4f7dda7d5a113a6bd3bbd5f8a3274fbf4332d0c","/static/media/shop7.64feea8c.jpg":"76c970defc22aa16a75072d2cd6f1238a1009f0d7ec91d3e4ad4b08df60967c5","/static/media/undraw_Access_account_re_8spm.2a656b38.svg":"6679c9dc5e8f56cefdefa5c8a31e81c42dd3be59406c51c533c360bc3c25dbe5","/static/media/undraw_working_out_6psf.23e404ae.svg":"0604ee8469b8c717c92bd6319350a2ee9a402a326daa63e3aea568496157f535","/static/js/main.3c0311d3.chunk.js":"7e07b62f5c820f099525a6389791908031874a9050fc5ffe0bc945abac557f57","/static/js/main.3c0311d3.chunk.js.map":"8cce20a242722adc61e79934617c35a4154f3b79d23be9db0f2a0455198dadfe","/static/css/2.c1256375.chunk.css":"8acb4e081ecdb0935bf3d2f5e7464f0688948372639174fd7cdc40f5db24bb77","/static/media/34dgOF (1).2778e1bd.jpg":"b5b68d40aa8b8f1100a0d9bcce4c5401de224156dbdcffefbd1a2d02ce4ae9fc","/static/js/2.6c7382df.chunk.js":"7761b6ac7e63a6f33d790ba12ea560beb4606d203977cea1e6282d3e09969470","/static/css/2.c1256375.chunk.css.map":"5a1d7d871e2c5292e4d32d75371cb1b3fe971eaf6ebf47d38c9c730496e51f38","/static/js/2.6c7382df.chunk.js.map":"0f363791ce522199e1549b80293d705464f3a5619145fc3eaa3e21c93d190ac5"}}
[debug] [2021-10-19T16:42:26.210Z] ----------------------------------------------------------------------
[debug] [2021-10-19T16:42:26.212Z] Command:       C:\Program Files\nodejs\node.exe C:\Users\Nur\AppData\Roaming\npm\node_modules\firebase-tools\lib\bin\firebase.js deploy
[debug] [2021-10-19T16:42:26.212Z] CLI Version:   9.20.0
[debug] [2021-10-19T16:42:26.213Z] Platform:      win32
[debug] [2021-10-19T16:42:26.213Z] Node Version:  v14.17.4
[debug] [2021-10-19T16:42:26.213Z] Time:          Tue Oct 19 2021 22:42:26 GMT+0600 (Bangladesh Standard Time)
[debug] [2021-10-19T16:42:26.214Z] ----------------------------------------------------------------------
[debug] 
[debug] [2021-10-19T16:42:26.265Z] > command requires scopes: ["email","openid","https://www.googleapis.com/auth/cloudplatformprojects.readonly","https://www.googleapis.com/auth/firebase","https://www.googleapis.com/auth/cloud-platform"]
[debug] [2021-10-19T16:42:26.265Z] > authorizing via signed-in user (alamn7150@gmail.com)
[debug] [2021-10-19T16:42:26.265Z] [iam] checking project assignment-10-67572 for permissions ["firebase.projects.get","firebasehosting.sites.update"]
[debug] [2021-10-19T16:42:26.267Z] > refreshing access token with scopes: ["email","https://www.googleapis.com/auth/cloud-platform","https://www.googleapis.com/auth/cloudplatformprojects.readonly","https://www.googleapis.com/auth/firebase","openid"]
[debug] [2021-10-19T16:42:26.267Z] >>> HTTP REQUEST POST https://www.googleapis.com/oauth2/v3/token  
 <request body omitted>
[debug] [2021-10-19T16:45:27.883Z] ----------------------------------------------------------------------
[debug] [2021-10-19T16:45:27.885Z] Command:       C:\Program Files\nodejs\node.exe C:\Users\Nur\AppData\Roaming\npm\node_modules\firebase-tools\lib\bin\firebase.js deploy
[debug] [2021-10-19T16:45:27.886Z] CLI Version:   9.20.0
[debug] [2021-10-19T16:45:27.886Z] Platform:      win32
[debug] [2021-10-19T16:45:27.886Z] Node Version:  v14.17.4
[debug] [2021-10-19T16:45:27.887Z] Time:          Tue Oct 19 2021 22:45:27 GMT+0600 (Bangladesh Standard Time)
[debug] [2021-10-19T16:45:27.887Z] ----------------------------------------------------------------------
[debug] 
[debug] [2021-10-19T16:45:27.938Z] > command requires scopes: ["email","openid","https://www.googleapis.com/auth/cloudplatformprojects.readonly","https://www.googleapis.com/auth/firebase","https://www.googleapis.com/auth/cloud-platform"]
[debug] [2021-10-19T16:45:27.938Z] > authorizing via signed-in user (alamn7150@gmail.com)
[debug] [2021-10-19T16:45:27.938Z] [iam] checking project assignment-10-67572 for permissions ["firebase.projects.get","firebasehosting.sites.update"]
[debug] [2021-10-19T16:45:27.940Z] > refreshing access token with scopes: ["email","https://www.googleapis.com/auth/cloud-platform","https://www.googleapis.com/auth/cloudplatformprojects.readonly","https://www.googleapis.com/auth/firebase","openid"]
[debug] [2021-10-19T16:45:27.940Z] >>> HTTP REQUEST POST https://www.googleapis.com/oauth2/v3/token  
 <request body omitted>
[debug] [2021-10-19T16:46:32.085Z] ----------------------------------------------------------------------
[debug] [2021-10-19T16:46:32.087Z] Command:       C:\Program Files\nodejs\node.exe C:\Users\Nur\AppData\Roaming\npm\node_modules\firebase-tools\lib\bin\firebase.js deploy
[debug] [2021-10-19T16:46:32.087Z] CLI Version:   9.20.0
[debug] [2021-10-19T16:46:32.087Z] Platform:      win32
[debug] [2021-10-19T16:46:32.087Z] Node Version:  v14.17.4
[debug] [2021-10-19T16:46:32.088Z] Time:          Tue Oct 19 2021 22:46:32 GMT+0600 (Bangladesh Standard Time)
[debug] [2021-10-19T16:46:32.088Z] ----------------------------------------------------------------------
[debug] 
[debug] [2021-10-19T16:46:32.139Z] > command requires scopes: ["email","openid","https://www.googleapis.com/auth/cloudplatformprojects.readonly","https://www.googleapis.com/auth/firebase","https://www.googleapis.com/auth/cloud-platform"]
[debug] [2021-10-19T16:46:32.139Z] > authorizing via signed-in user (alamn7150@gmail.com)
[debug] [2021-10-19T16:46:32.139Z] [iam] checking project assignment-10-67572 for permissions ["firebase.projects.get","firebasehosting.sites.update"]
[debug] [2021-10-19T16:46:32.141Z] > refreshing access token with scopes: ["email","https://www.googleapis.com/auth/cloud-platform","https://www.googleapis.com/auth/cloudplatformprojects.readonly","https://www.googleapis.com/auth/firebase","openid"]
[debug] [2021-10-19T16:46:32.142Z] >>> HTTP REQUEST POST https://www.googleapis.com/oauth2/v3/token  
 <request body omitted>
[debug] [2021-10-19T16:46:33.462Z] <<< HTTP RESPONSE 200 {"cache-control":"no-cache, no-store, max-age=0, must-revalidate","expires":"Mon, 01 Jan 1990 00:00:00 GMT","pragma":"no-cache","date":"Tue, 19 Oct 2021 16:46:31 GMT","content-type":"application/json; charset=utf-8","vary":"X-Origin, Referer, Origin,Accept-Encoding","server":"scaffolding on HTTPServer2","x-xss-protection":"0","x-frame-options":"SAMEORIGIN","x-content-type-options":"nosniff","alt-svc":"h3=\":443\"; ma=2592000,h3-29=\":443\"; ma=2592000,h3-T051=\":443\"; ma=2592000,h3-Q050=\":443\"; ma=2592000,h3-Q046=\":443\"; ma=2592000,h3-Q043=\":443\"; ma=2592000,quic=\":443\"; ma=2592000; v=\"46,43\"","accept-ranges":"none","transfer-encoding":"chunked"}
[debug] [2021-10-19T16:46:33.520Z] >>> HTTP REQUEST POST https://cloudresourcemanager.googleapis.com/v1/projects/assignment-10-67572:testIamPermissions  
 {"permissions":["firebase.projects.get","firebasehosting.sites.update"]}
[debug] [2021-10-19T16:46:54.637Z] [iam] error while checking permissions, command may fail: FirebaseError: Server Error. connect ETIMEDOUT 142.250.77.138:443
[debug] [2021-10-19T16:46:54.642Z] > refreshing access token with scopes: []
[debug] [2021-10-19T16:46:54.643Z] >>> HTTP REQUEST POST https://www.googleapis.com/oauth2/v3/token  
 <request body omitted>
[debug] [2021-10-19T16:46:56.040Z] <<< HTTP RESPONSE 200 {"cache-control":"no-cache, no-store, max-age=0, must-revalidate","date":"Tue, 19 Oct 2021 16:46:53 GMT","pragma":"no-cache","expires":"Mon, 01 Jan 1990 00:00:00 GMT","content-type":"application/json; charset=utf-8","vary":"X-Origin, Referer, Origin,Accept-Encoding","server":"scaffolding on HTTPServer2","x-xss-protection":"0","x-frame-options":"SAMEORIGIN","x-content-type-options":"nosniff","alt-svc":"h3=\":443\"; ma=2592000,h3-29=\":443\"; ma=2592000,h3-T051=\":443\"; ma=2592000,h3-Q050=\":443\"; ma=2592000,h3-Q046=\":443\"; ma=2592000,h3-Q043=\":443\"; ma=2592000,quic=\":443\"; ma=2592000; v=\"46,43\"","accept-ranges":"none","transfer-encoding":"chunked"}
[debug] [2021-10-19T16:46:56.150Z] >>> [apiv2][query] GET https://firebase.googleapis.com/v1beta1/projects/assignment-10-67572 [none]
[debug] [2021-10-19T16:46:56.731Z] <<< [apiv2][status] GET https://firebase.googleapis.com/v1beta1/projects/assignment-10-67572 200
[debug] [2021-10-19T16:46:56.732Z] <<< [apiv2][body] GET https://firebase.googleapis.com/v1beta1/projects/assignment-10-67572 {"projectId":"assignment-10-67572","projectNumber":"348690508557","displayName":"Assignment-10","name":"projects/assignment-10-67572","resources":{"hostingSite":"assignment-10-67572"},"state":"ACTIVE"}
[info] 
[info] === Deploying to 'assignment-10-67572'...
[info] 
[info] i  deploying hosting 
[debug] [2021-10-19T16:46:56.742Z] > refreshing access token with scopes: ["email","https://www.googleapis.com/auth/cloud-platform","https://www.googleapis.com/auth/cloudplatformprojects.readonly","https://www.googleapis.com/auth/firebase","openid"]
[debug] [2021-10-19T16:46:56.742Z] >>> HTTP REQUEST POST https://www.googleapis.com/oauth2/v3/token  
 <request body omitted>
